<?xml version="1.0" encoding="UTF-8"?>
<!-- Generated by org.testng.reporters.JUnitReportReporter -->
<testsuite hostname="harsimrandhanoa" name="com.qtp.selenium.Test1" tests="1" failures="0" timestamp="21 Apr 2016 18:28:12 GMT" time="16.620" errors="0">
  <testcase name="abc" time="16.620" classname="com.qtp.selenium.Test1"/>
</testsuite> <!-- com.qtp.selenium.Test1 -->
