<?xml version="1.0" encoding="UTF-8"?>
<!-- Generated by org.testng.reporters.JUnitReportReporter -->
<testsuite hostname="harsimrandhanoa" name="com.qtp.selenium.Class2" tests="3" failures="0" timestamp="21 Apr 2016 18:29:12 GMT" time="0.002" errors="0">
  <testcase name="Class2_3" time="0.001" classname="com.qtp.selenium.Class2"/>
  <testcase name="Class1_2" time="0.001" classname="com.qtp.selenium.Class2"/>
  <testcase name="Class2_1" time="0.000" classname="com.qtp.selenium.Class2"/>
</testsuite> <!-- com.qtp.selenium.Class2 -->
